Removed Pin From Net: NetName=NetC16_1 Pin=P3-2
Removed Pin From Net: NetName=GND Pin=P3-3
Removed Pin From Net: NetName=NetC13_1 Pin=P3-4
Removed Pin From Net: NetName=GND Pin=P3-5
Removed Pin From Net: NetName=S-RESX Pin=P3-7
Removed Pin From Net: NetName=GND Pin=P3-8
Removed Pin From Net: NetName=GND Pin=P3-10
Removed Pin From Net: NetName=GND Pin=P3-12
Removed Pin From Net: NetName=S-CS Pin=P3-13
Removed Pin From Net: NetName=S-D/CX Pin=P3-14
Removed Pin From Net: NetName=GND Pin=P3-15
Removed Pin From Net: NetName=TP-RESET Pin=P3-16
Removed Pin From Net: NetName=TP-INT Pin=P3-17
Removed Pin From Net: NetName=SDA Pin=P3-18
Removed Pin From Net: NetName=SCL Pin=P3-19
Removed Pin From Net: NetName=NetC13_1 Pin=P3-20
Change Component Designator: OldDesignator=P3 NewDesignator=P13
Added Pin To Net: NetName=NetC13_1 Pin=P13-1
Added Pin To Net: NetName=SCL Pin=P13-2
Added Pin To Net: NetName=SDA Pin=P13-3
Added Pin To Net: NetName=TP-INT Pin=P13-4
Added Pin To Net: NetName=TP-RESET Pin=P13-5
Added Pin To Net: NetName=GND Pin=P13-6
Added Pin To Net: NetName=S-D/CX Pin=P13-7
Added Pin To Net: NetName=S-CS Pin=P13-8
Added Pin To Net: NetName=GND Pin=P13-9
Added Pin To Net: NetName=GND Pin=P13-11
Added Pin To Net: NetName=GND Pin=P13-13
Added Pin To Net: NetName=S-RESX Pin=P13-14
Added Pin To Net: NetName=GND Pin=P13-16
Added Pin To Net: NetName=NetC13_1 Pin=P13-17
Added Pin To Net: NetName=GND Pin=P13-18
Added Pin To Net: NetName=NetC16_1 Pin=P13-19
Added Pin To Net: NetName=NetP13_1 Pin=Q3-1
Added Pin To Net: NetName=NetP13_1 Pin=P13-20
Added Net: Name=NetP13_1
Added Pin To Net: NetName=NetP13_9 Pin=R36-1
Added Pin To Net: NetName=NetP13_9 Pin=P13-12
Added Net: Name=NetP13_9
Added Pin To Net: NetName=NetP13_11 Pin=R35-1
Added Pin To Net: NetName=NetP13_11 Pin=P13-10
Added Net: Name=NetP13_11
