Removed Pin From Net: NetName=Net*_8 Pin=C?-1
Removed Pin From Net: NetName=UART0_TX Pin=D?-1
Removed Pin From Net: NetName=Net*_1 Pin=Q?-1
Removed Pin From Net: NetName=Net*_5 Pin=R?-2
Removed Member From Class: ClassName=Board1 Member=C?
Removed Member From Class: ClassName=RTC Member=C?
Removed Member From Class: ClassName=Board1 Member=D?
Removed Member From Class: ClassName=Sheet2 Member=D?
Removed Member From Class: ClassName=RTC Member=P?
Removed Member From Class: ClassName=Sheet2 Member=P?
Removed Member From Class: ClassName=Board1 Member=R?
Removed Member From Class: ClassName=RTC Member=R?
Change Component Designator: OldDesignator=C? NewDesignator=C1
Change Component Designator: OldDesignator=C? NewDesignator=C2
Change Component Designator: OldDesignator=C? NewDesignator=C3
Change Component Designator: OldDesignator=C? NewDesignator=C4
Change Component Designator: OldDesignator=C? NewDesignator=C5
Change Component Designator: OldDesignator=C? NewDesignator=C6
Change Component Designator: OldDesignator=C? NewDesignator=C7
Change Component Designator: OldDesignator=C? NewDesignator=C8
Change Component Designator: OldDesignator=C? NewDesignator=C9
Change Component Designator: OldDesignator=C? NewDesignator=C10
Change Component Designator: OldDesignator=C? NewDesignator=C11
Change Component Designator: OldDesignator=C? NewDesignator=C12
Change Component Designator: OldDesignator=C? NewDesignator=C13
Change Component Designator: OldDesignator=C? NewDesignator=C14
Change Component Designator: OldDesignator=C? NewDesignator=C15
Change Component Designator: OldDesignator=C? NewDesignator=C16
Change Component Designator: OldDesignator=C? NewDesignator=C17
Change Component Designator: OldDesignator=C? NewDesignator=C18
Change Component Designator: OldDesignator=C? NewDesignator=C19
Change Component Designator: OldDesignator=C? NewDesignator=C20
Change Component Designator: OldDesignator=C? NewDesignator=C21
Change Component Designator: OldDesignator=C? NewDesignator=C22
Change Component Designator: OldDesignator=C? NewDesignator=C23
Change Component Designator: OldDesignator=C? NewDesignator=C24
Change Component Designator: OldDesignator=C? NewDesignator=C25
Change Component Designator: OldDesignator=D? NewDesignator=D1
Change Component Designator: OldDesignator=D? NewDesignator=D2
Change Component Designator: OldDesignator=D? NewDesignator=D3
Change Component Designator: OldDesignator=D? NewDesignator=D4
Change Component Designator: OldDesignator=D? NewDesignator=D5
Change Component Designator: OldDesignator=D? NewDesignator=D9
Change Component Designator: OldDesignator=D? NewDesignator=D10
Change Component Designator: OldDesignator=L? NewDesignator=L1
Change Component Designator: OldDesignator=L? NewDesignator=L2
Change Component Designator: OldDesignator=L? NewDesignator=L3
Change Component Designator: OldDesignator=P? NewDesignator=P1
Change Component Designator: OldDesignator=P? NewDesignator=P2
Change Component Designator: OldDesignator=P? NewDesignator=P3
Change Component Designator: OldDesignator=P? NewDesignator=P4
Change Component Designator: OldDesignator=P? NewDesignator=P5
Change Component Designator: OldDesignator=P? NewDesignator=P6
Change Component Designator: OldDesignator=P? NewDesignator=P7
Change Component Designator: OldDesignator=P? NewDesignator=P8
Change Component Designator: OldDesignator=P? NewDesignator=P9
Change Component Designator: OldDesignator=P? NewDesignator=P10
Change Component Designator: OldDesignator=P? NewDesignator=P11
Change Component Designator: OldDesignator=P? NewDesignator=P12
Change Component Designator: OldDesignator=Q? NewDesignator=Q1
Change Component Designator: OldDesignator=Q? NewDesignator=Q2
Change Component Designator: OldDesignator=Q? NewDesignator=Q3
Change Component Designator: OldDesignator=R? NewDesignator=R1
Change Component Designator: OldDesignator=R? NewDesignator=R2
Change Component Designator: OldDesignator=R? NewDesignator=R3
Change Component Designator: OldDesignator=R? NewDesignator=R4
Change Component Designator: OldDesignator=R? NewDesignator=R5
Change Component Designator: OldDesignator=R? NewDesignator=R6
Change Component Designator: OldDesignator=R? NewDesignator=R7
Change Component Designator: OldDesignator=R? NewDesignator=R8
Change Component Designator: OldDesignator=R? NewDesignator=R9
Change Component Designator: OldDesignator=R? NewDesignator=R10
Change Component Designator: OldDesignator=R? NewDesignator=R11
Change Component Designator: OldDesignator=R? NewDesignator=R12
Change Component Designator: OldDesignator=R? NewDesignator=R13
Change Component Designator: OldDesignator=R? NewDesignator=R14
Change Component Designator: OldDesignator=R? NewDesignator=R15
Change Component Designator: OldDesignator=R? NewDesignator=R16
Change Component Designator: OldDesignator=R? NewDesignator=R17
Change Component Designator: OldDesignator=R? NewDesignator=R18
Change Component Designator: OldDesignator=R? NewDesignator=R19
Change Component Designator: OldDesignator=R? NewDesignator=R20
Change Component Designator: OldDesignator=R? NewDesignator=R21
Change Component Designator: OldDesignator=R? NewDesignator=R22
Change Component Designator: OldDesignator=R? NewDesignator=R23
Change Component Designator: OldDesignator=R? NewDesignator=R24
Change Component Designator: OldDesignator=R? NewDesignator=R25
Change Component Designator: OldDesignator=R? NewDesignator=R26
Change Component Designator: OldDesignator=R? NewDesignator=R27
Change Component Designator: OldDesignator=R? NewDesignator=R28
Change Component Designator: OldDesignator=R? NewDesignator=R29
Change Component Designator: OldDesignator=R? NewDesignator=R30
Change Component Designator: OldDesignator=R? NewDesignator=R31
Change Component Designator: OldDesignator=R? NewDesignator=R32
Change Component Designator: OldDesignator=R? NewDesignator=R33
Change Component Designator: OldDesignator=R? NewDesignator=R34
Change Component Designator: OldDesignator=R? NewDesignator=R35
Change Component Designator: OldDesignator=R? NewDesignator=R36
Change Component Designator: OldDesignator=R? NewDesignator=R37
Change Component Designator: OldDesignator=R? NewDesignator=R38
Change Component Designator: OldDesignator=R? NewDesignator=R39
Change Component Designator: OldDesignator=R? NewDesignator=R40
Change Component Designator: OldDesignator=R? NewDesignator=R41
Change Component Designator: OldDesignator=R? NewDesignator=R42
Change Component Designator: OldDesignator=R? NewDesignator=R43
Change Component Designator: OldDesignator=R? NewDesignator=R44
Change Component Designator: OldDesignator=R? NewDesignator=R45
Change Component Designator: OldDesignator=R? NewDesignator=R46
Change Component Designator: OldDesignator=R? NewDesignator=R47
Change Component Designator: OldDesignator=R? NewDesignator=R48
Change Component Designator: OldDesignator=R? NewDesignator=R49
Change Component Designator: OldDesignator=U? NewDesignator=U1
Added Pin To Net: NetName=Net*_1 Pin=D1-1
Added Pin To Net: NetName=Net*_5 Pin=P4-2
Added Pin To Net: NetName=Net*_5 Pin=R5-2
Added Pin To Net: NetName=Net*_5 Pin=R6-2
Added Pin To Net: NetName=Net*_8 Pin=R38-2
Change Net Name : Old Net Name=Net*?_2 New Net Name=Net*1_2
Change Net Name : Old Net Name=Net*?_3 New Net Name=Net*1_3
Change Net Name : Old Net Name=Net*?_5 New Net Name=Net*1_5
Change Net Name : Old Net Name=Net*?_6 New Net Name=Net*1_6
Change Net Name : Old Net Name=NetC?_1 New Net Name=NetC9_1
Change Net Name : Old Net Name=NetD?_1 New Net Name=NetD10_1
Change Net Name : Old Net Name=NetP?_1 New Net Name=NetP10_1
Change Net Name : Old Net Name=NetP?_2 New Net Name=NetP3_2
Change Net Name : Old Net Name=NetQ?_1 New Net Name=NetQ2_1
Change Net Name : Old Net Name=NetQ?_2 New Net Name=NetQ3_2
Change Net Name : Old Net Name=NetR?_1 New Net Name=NetR40_1
Change Net Name : Old Net Name=NetR?_2 New Net Name=NetR30_2
Added Pin To Net: NetName=Net*1_1 Pin=D3-1
Added Net: Name=Net*1_1
Added Pin To Net: NetName=Net*1_7 Pin=D4-1
Added Net: Name=Net*1_7
Added Pin To Net: NetName=NetC10_1 Pin=C10-1
Added Pin To Net: NetName=NetC10_1 Pin=C11-1
Added Pin To Net: NetName=NetC10_1 Pin=L1-1
Added Pin To Net: NetName=NetC10_1 Pin=R18-2
Added Pin To Net: NetName=NetC10_1 Pin=U1-2
Added Net: Name=NetC10_1
Added Pin To Net: NetName=NetP1_2 Pin=P1-2
Added Pin To Net: NetName=NetP1_2 Pin=R2-1
Added Net: Name=NetP1_2
Added Pin To Net: NetName=NetP5_2 Pin=P5-2
Added Pin To Net: NetName=NetP5_2 Pin=R8-1
Added Net: Name=NetP5_2
Added Pin To Net: NetName=NetP7_2 Pin=P7-2
Added Pin To Net: NetName=NetP7_2 Pin=R11-1
Added Net: Name=NetP7_2
Added Pin To Net: NetName=NetQ1_1 Pin=Q1-1
Added Pin To Net: NetName=NetQ1_1 Pin=R14-2
Added Net: Name=NetQ1_1
Added Pin To Net: NetName=NetQ1_2 Pin=Q1-2
Added Pin To Net: NetName=NetQ1_2 Pin=R15-1
Added Net: Name=NetQ1_2
Added Pin To Net: NetName=NetQ2_2 Pin=Q2-2
Added Pin To Net: NetName=NetQ2_2 Pin=R16-1
Added Net: Name=NetQ2_2
Added Pin To Net: NetName=NetR19_2 Pin=R19-2
Added Pin To Net: NetName=NetR19_2 Pin=U1-36
Added Net: Name=NetR19_2
Added Pin To Net: NetName=NetR20_2 Pin=R20-2
Added Pin To Net: NetName=NetR20_2 Pin=U1-37
Added Net: Name=NetR20_2
Added Pin To Net: NetName=NetR21_2 Pin=R21-2
Added Pin To Net: NetName=NetR21_2 Pin=U1-27
Added Net: Name=NetR21_2
Added Pin To Net: NetName=NetR22_1 Pin=R22-1
Added Pin To Net: NetName=NetR22_1 Pin=U1-10
Added Net: Name=NetR22_1
Added Pin To Net: NetName=NetR23_1 Pin=R23-1
Added Pin To Net: NetName=NetR23_1 Pin=U1-11
Added Net: Name=NetR23_1
Added Pin To Net: NetName=NetR24_1 Pin=R24-1
Added Pin To Net: NetName=NetR24_1 Pin=U1-13
Added Net: Name=NetR24_1
Added Pin To Net: NetName=NetR25_1 Pin=R25-1
Added Pin To Net: NetName=NetR25_1 Pin=U1-14
Added Net: Name=NetR25_1
Added Pin To Net: NetName=NetR26_1 Pin=R26-1
Added Pin To Net: NetName=NetR26_1 Pin=U1-23
Added Net: Name=NetR26_1
Added Pin To Net: NetName=NetR29_2 Pin=R29-2
Added Pin To Net: NetName=NetR29_2 Pin=U1-5
Added Net: Name=NetR29_2
Added Pin To Net: NetName=NetR31_2 Pin=R31-2
Added Pin To Net: NetName=NetR31_2 Pin=U1-7
Added Net: Name=NetR31_2
Added Pin To Net: NetName=NetR32_2 Pin=R32-2
Added Pin To Net: NetName=NetR32_2 Pin=U1-12
Added Net: Name=NetR32_2
Added Pin To Net: NetName=NetR33_2 Pin=R33-2
Added Pin To Net: NetName=NetR33_2 Pin=U1-17
Added Net: Name=NetR33_2
Added Pin To Net: NetName=NetR34_2 Pin=R34-2
Added Pin To Net: NetName=NetR34_2 Pin=U1-18
Added Net: Name=NetR34_2
Added Pin To Net: NetName=NetR35_2 Pin=R35-2
Added Pin To Net: NetName=NetR35_2 Pin=U1-19
Added Net: Name=NetR35_2
Added Pin To Net: NetName=NetR36_2 Pin=R36-2
Added Pin To Net: NetName=NetR36_2 Pin=U1-20
Added Net: Name=NetR36_2
Added Pin To Net: NetName=NetR37_2 Pin=R37-2
Added Pin To Net: NetName=NetR37_2 Pin=U1-21
Added Net: Name=NetR37_2
Added Pin To Net: NetName=NetR38_1 Pin=R38-1
Added Pin To Net: NetName=NetR38_1 Pin=U1-26
Added Net: Name=NetR38_1
Added Pin To Net: NetName=NetR39_2 Pin=R39-2
Added Pin To Net: NetName=NetR39_2 Pin=U1-22
Added Net: Name=NetR39_2
Added Pin To Net: NetName=NetR41_1 Pin=R41-1
Added Pin To Net: NetName=NetR41_1 Pin=U1-24
Added Net: Name=NetR41_1
Added Pin To Net: NetName=NetR42_2 Pin=R42-2
Added Pin To Net: NetName=NetR42_2 Pin=U1-9
Added Net: Name=NetR42_2
Added Pin To Net: NetName=NetR43_1 Pin=R43-1
Added Pin To Net: NetName=NetR43_1 Pin=U1-25
Added Net: Name=NetR43_1
Added Member To Class: ClassName=Board1 Member=Component C1 Cap
Added Member To Class: ClassName=Board1 Member=Component C2 Cap
Added Member To Class: ClassName=Board1 Member=Component C3 Cap
Added Member To Class: ClassName=Board1 Member=Component C4 Cap
Added Member To Class: ClassName=Sheet2 Member=Component C5 Cap
Added Member To Class: ClassName=Sheet2 Member=Component C6 Cap
Added Member To Class: ClassName=Sheet2 Member=Component C7 Cap
Added Member To Class: ClassName=Sheet2 Member=Component C8 Cap
Added Member To Class: ClassName=Sheet2 Member=Component C9 Cap
Added Member To Class: ClassName=Sheet2 Member=Component C10 Cap
Added Member To Class: ClassName=Sheet2 Member=Component C11 Cap
Added Member To Class: ClassName=Sheet2 Member=Component C12 Cap
Added Member To Class: ClassName=Sheet2 Member=Component C13 Cap
Added Member To Class: ClassName=Sheet2 Member=Component C14 Cap
Added Member To Class: ClassName=Sheet2 Member=Component C15 Cap
Added Member To Class: ClassName=Sheet2 Member=Component C17 Cap
Added Member To Class: ClassName=Sheet2 Member=Component C18 Cap
Added Member To Class: ClassName=RTC Member=Component C19 Cap
Added Member To Class: ClassName=RTC Member=Component C20 Cap
Added Member To Class: ClassName=RTC Member=Component C21 Cap
Added Member To Class: ClassName=RTC Member=Component C22 Cap
Added Member To Class: ClassName=RTC Member=Component C23 Cap
Added Member To Class: ClassName=RTC Member=Component C24 Cap
Added Member To Class: ClassName=RTC Member=Component C25 Cap
Added Member To Class: ClassName=Board1 Member=Component D1 Diode
Added Member To Class: ClassName=Board1 Member=Component D2 Diode
Added Member To Class: ClassName=Board1 Member=Component D3 Diode
Added Member To Class: ClassName=Board1 Member=Component D4 Diode
Added Member To Class: ClassName=Sheet2 Member=Component D5 D Zener
Added Member To Class: ClassName=RTC Member=Component D9 SS34
Added Member To Class: ClassName=Sheet2 Member=Component L2 Inductor
Added Member To Class: ClassName=Sheet2 Member=Component L3 Inductor
Added Member To Class: ClassName=Board1 Member=Component P1 Header 2
Added Member To Class: ClassName=Board1 Member=Component P2 Header 2
Added Member To Class: ClassName=Board1 Member=Component P3 Header 2
Added Member To Class: ClassName=Board1 Member=Component P5 Header 2
Added Member To Class: ClassName=Board1 Member=Component P6 Header 2
Added Member To Class: ClassName=Board1 Member=Component P7 Header 2
Added Member To Class: ClassName=Board1 Member=Component P8 Header 2
Added Member To Class: ClassName=Sheet2 Member=Component P9 Header 6
Added Member To Class: ClassName=Sheet2 Member=Component P10 Header 2
Added Member To Class: ClassName=Sheet2 Member=Component P11 Header 2
Added Member To Class: ClassName=RTC Member=Component P12 Header 2
Added Member To Class: ClassName=Sheet2 Member=Component Q2 NPN
Added Member To Class: ClassName=Sheet2 Member=Component Q3 MOSFET-N
Added Member To Class: ClassName=Board1 Member=Component R1 Res1
Added Member To Class: ClassName=Board1 Member=Component R2 Res1
Added Member To Class: ClassName=Board1 Member=Component R3 Res1
Added Member To Class: ClassName=Board1 Member=Component R4 Res1
Added Member To Class: ClassName=Board1 Member=Component R5 Res1
Added Member To Class: ClassName=Board1 Member=Component R6 Res1
Added Member To Class: ClassName=Board1 Member=Component R7 Res1
Added Member To Class: ClassName=Board1 Member=Component R8 Res1
Added Member To Class: ClassName=Board1 Member=Component R9 Res1
Added Member To Class: ClassName=Board1 Member=Component R10 Res1
Added Member To Class: ClassName=Board1 Member=Component R11 Res1
Added Member To Class: ClassName=Board1 Member=Component R12 Res1
Added Member To Class: ClassName=Sheet2 Member=Component R13 Res3
Added Member To Class: ClassName=Sheet2 Member=Component R15 Res3
Added Member To Class: ClassName=Sheet2 Member=Component R16 Res3
Added Member To Class: ClassName=Sheet2 Member=Component R17 Res3
Added Member To Class: ClassName=Sheet2 Member=Component R18 Res3
Added Member To Class: ClassName=Sheet2 Member=Component R19 Res3
Added Member To Class: ClassName=Sheet2 Member=Component R20 Res3
Added Member To Class: ClassName=Sheet2 Member=Component R21 Res3
Added Member To Class: ClassName=Sheet2 Member=Component R22 Res3
Added Member To Class: ClassName=Sheet2 Member=Component R23 Res3
Added Member To Class: ClassName=Sheet2 Member=Component R24 Res3
Added Member To Class: ClassName=Sheet2 Member=Component R25 Res3
Added Member To Class: ClassName=Sheet2 Member=Component R26 Res3
Added Member To Class: ClassName=Sheet2 Member=Component R27 Res3
Added Member To Class: ClassName=Sheet2 Member=Component R28 Res3
Added Member To Class: ClassName=Sheet2 Member=Component R29 Res3
Added Member To Class: ClassName=Sheet2 Member=Component R30 Res3
Added Member To Class: ClassName=Sheet2 Member=Component R31 Res3
Added Member To Class: ClassName=Sheet2 Member=Component R32 Res3
Added Member To Class: ClassName=Sheet2 Member=Component R33 Res3
Added Member To Class: ClassName=Sheet2 Member=Component R34 Res3
Added Member To Class: ClassName=Sheet2 Member=Component R35 Res3
Added Member To Class: ClassName=Sheet2 Member=Component R36 Res3
Added Member To Class: ClassName=Sheet2 Member=Component R37 Res3
Added Member To Class: ClassName=Sheet2 Member=Component R38 Res3
Added Member To Class: ClassName=Sheet2 Member=Component R39 Res3
Added Member To Class: ClassName=Sheet2 Member=Component R40 Res3
Added Member To Class: ClassName=Sheet2 Member=Component R41 Res3
Added Member To Class: ClassName=Sheet2 Member=Component R42 Res3
Added Member To Class: ClassName=Sheet2 Member=Component R43 Res3
Added Member To Class: ClassName=Sheet2 Member=Component R44 Res3
Added Member To Class: ClassName=Sheet2 Member=Component R45 Res3
Added Member To Class: ClassName=Sheet2 Member=Component R46 Res3
Added Member To Class: ClassName=RTC Member=Component R47 Res3
Added Member To Class: ClassName=RTC Member=Component R48 Res3
Added Member To Class: ClassName=RTC Member=Component R49 Res3
