Change Physical Footprint: Designator=C1 Old Footprint=CAPC2012X04M New Footprint=CAPC2012X04M
Change Physical Footprint: Designator=C2 Old Footprint=CAPC2012X04M New Footprint=CAPC2012X04M
Change Physical Footprint: Designator=C3 Old Footprint=CAPC2012X04M New Footprint=CAPC2012X04M
Change Physical Footprint: Designator=C4 Old Footprint=CAPC2012X04M New Footprint=CAPC2012X04M
Change Physical Footprint: Designator=C5 Old Footprint=CAPC2012X04M New Footprint=CAPC2012X04M
Change Physical Footprint: Designator=C6 Old Footprint=CAPC2012X04M New Footprint=CAPC2012X04M
Change Physical Footprint: Designator=C7 Old Footprint=CAPC2012X04M New Footprint=CAPC2012X04M
Change Physical Footprint: Designator=C9 Old Footprint=CAPC2012X04M New Footprint=CAPC2012X04M
Change Physical Footprint: Designator=C10 Old Footprint=CAPC2012X04M New Footprint=CAPC2012X04M
Change Physical Footprint: Designator=C11 Old Footprint=CAPC2012X04M New Footprint=CAPC2012X04M
Change Physical Footprint: Designator=C12 Old Footprint=CAPC2012X04M New Footprint=CAPC2012X04M
Change Physical Footprint: Designator=C13 Old Footprint=CAPC2012X04M New Footprint=CAPC2012X04M
Change Physical Footprint: Designator=C14 Old Footprint=CAPC2012X04M New Footprint=CAPC2012X04M
Change Physical Footprint: Designator=C15 Old Footprint=CAPC2012X04M New Footprint=CAPC2012X04M
Change Physical Footprint: Designator=C16 Old Footprint=CAPC2012X04M New Footprint=CAPC2012X04M
Change Physical Footprint: Designator=C17 Old Footprint=CAPC2012X04M New Footprint=CAPC2012X04M
Change Physical Footprint: Designator=C18 Old Footprint=CAPC2012X04M New Footprint=CAPC2012X04M
Change Physical Footprint: Designator=C19 Old Footprint=CAPC2012X04M New Footprint=CAPC2012X04M
Change Physical Footprint: Designator=C20 Old Footprint=CAPC2012X04M New Footprint=CAPC2012X04M
Change Physical Footprint: Designator=C21 Old Footprint=CAPC2012X04M New Footprint=CAPC2012X04M
Change Physical Footprint: Designator=C22 Old Footprint=CAPC2012X04M New Footprint=CAPC2012X04M
Change Physical Footprint: Designator=C23 Old Footprint=CAPC2012X04M New Footprint=CAPC2012X04M
Change Physical Footprint: Designator=C24 Old Footprint=CAPC2012X04M New Footprint=CAPC2012X04M
Change Physical Footprint: Designator=C25 Old Footprint=CAPC2012X04M New Footprint=CAPC2012X04M
Change Physical Footprint: Designator=D1 Old Footprint=DIOC2012X04M New Footprint=DIOC2012X04M
Change Physical Footprint: Designator=D2 Old Footprint=DIOC2012X04M New Footprint=DIOC2012X04M
Change Physical Footprint: Designator=D3 Old Footprint=DIOC2012X04M New Footprint=DIOC2012X04M
Change Physical Footprint: Designator=D4 Old Footprint=DIOC2012X04M New Footprint=DIOC2012X04M
Change Physical Footprint: Designator=D6 Old Footprint=DIOC2012X04M New Footprint=DIOC2012X04M
Change Physical Footprint: Designator=D7 Old Footprint=DIOC2012X04M New Footprint=DIOC2012X04M
Change Physical Footprint: Designator=D8 Old Footprint=DIOC2012X04M New Footprint=DIOC2012X04M
Change Physical Footprint: Designator=D9 Old Footprint=DIOC2012X04M New Footprint=DIOC2012X04M
Change Physical Footprint: Designator=D10 Old Footprint=DIOC2012X04M New Footprint=DIOC2012X04M
Change Physical Footprint: Designator=L1 Old Footprint=RESC2012X04M New Footprint=RESC2012X04M
Change Physical Footprint: Designator=L2 Old Footprint=RESC2012X04M New Footprint=RESC2012X04M
Change Physical Footprint: Designator=L3 Old Footprint=RESC2012X04M New Footprint=RESC2012X04M
Change Physical Footprint: Designator=P1 Old Footprint=HDR1X2 New Footprint=HDR1X2
Change Physical Footprint: Designator=P2 Old Footprint=WURTH- WR-TBL 2pin 5mmpitch New Footprint=WURTH- WR-TBL 2pin 5mmpitch
Change Physical Footprint: Designator=P3 Old Footprint=HDR1X2 New Footprint=HDR1X2
Change Physical Footprint: Designator=P3 Old Footprint=CF31201D0R0-05-NH New Footprint=CF31201D0R0-05-NH
Change Physical Footprint: Designator=P4 Old Footprint=WURTH- WR-TBL 2pin 5mmpitch New Footprint=WURTH- WR-TBL 2pin 5mmpitch
Change Physical Footprint: Designator=P5 Old Footprint=HDR1X2 New Footprint=HDR1X2
Change Physical Footprint: Designator=P6 Old Footprint=WURTH- WR-TBL 2pin 5mmpitch New Footprint=WURTH- WR-TBL 2pin 5mmpitch
Change Physical Footprint: Designator=P7 Old Footprint=HDR1X2 New Footprint=HDR1X2
Change Physical Footprint: Designator=P8 Old Footprint=WURTH- WR-TBL 2pin 5mmpitch New Footprint=WURTH- WR-TBL 2pin 5mmpitch
Change Physical Footprint: Designator=P9 Old Footprint=HDR1X6 New Footprint=HDR1X6
Change Physical Footprint: Designator=P10 Old Footprint=HDR1X2 New Footprint=HDR1X2
Change Physical Footprint: Designator=P11 Old Footprint=WURTH- WR-TBL 2pin 5mmpitch New Footprint=WURTH- WR-TBL 2pin 5mmpitch
Change Physical Footprint: Designator=P12 Old Footprint=WURTH- WR-TBL 2pin 5mmpitch New Footprint=WURTH- WR-TBL 2pin 5mmpitch
Change Physical Footprint: Designator=Q1 Old Footprint=SOT95P245X110-3N New Footprint=SOT95P245X110-3N
Change Physical Footprint: Designator=Q2 Old Footprint=SOT95P245X110-3N New Footprint=SOT95P245X110-3N
Change Physical Footprint: Designator=Q3 Old Footprint=SOT95P245X110-3N New Footprint=SOT95P245X110-3N
Change Physical Footprint: Designator=R1 Old Footprint=RESC2012X04M New Footprint=RESC2012X04M
Change Physical Footprint: Designator=R2 Old Footprint=RESC2012X04M New Footprint=RESC2012X04M
Change Physical Footprint: Designator=R3 Old Footprint=RESC2012X04M New Footprint=RESC2012X04M
Change Physical Footprint: Designator=R4 Old Footprint=RESC2012X04M New Footprint=RESC2012X04M
Change Physical Footprint: Designator=R5 Old Footprint=RESC2012X04M New Footprint=RESC2012X04M
Change Physical Footprint: Designator=R6 Old Footprint=RESC2012X04M New Footprint=RESC2012X04M
Change Physical Footprint: Designator=R7 Old Footprint=RESC2012X04M New Footprint=RESC2012X04M
Change Physical Footprint: Designator=R8 Old Footprint=RESC2012X04M New Footprint=RESC2012X04M
Change Physical Footprint: Designator=R9 Old Footprint=RESC2012X04M New Footprint=RESC2012X04M
Change Physical Footprint: Designator=R10 Old Footprint=RESC2012X04M New Footprint=RESC2012X04M
Change Physical Footprint: Designator=R11 Old Footprint=RESC2012X04M New Footprint=RESC2012X04M
Change Physical Footprint: Designator=R12 Old Footprint=RESC2012X04M New Footprint=RESC2012X04M
Change Physical Footprint: Designator=R13 Old Footprint=RESC2012X04M New Footprint=RESC2012X04M
Change Physical Footprint: Designator=R14 Old Footprint=RESC2012X04M New Footprint=RESC2012X04M
Change Physical Footprint: Designator=R15 Old Footprint=RESC2012X04M New Footprint=RESC2012X04M
Change Physical Footprint: Designator=R16 Old Footprint=RESC2012X04M New Footprint=RESC2012X04M
Change Physical Footprint: Designator=R17 Old Footprint=RESC2012X04M New Footprint=RESC2012X04M
Change Physical Footprint: Designator=R18 Old Footprint=RESC2012X04M New Footprint=RESC2012X04M
Change Physical Footprint: Designator=R19 Old Footprint=RESC2012X04M New Footprint=RESC2012X04M
Change Physical Footprint: Designator=R20 Old Footprint=RESC2012X04M New Footprint=RESC2012X04M
Change Physical Footprint: Designator=R21 Old Footprint=RESC2012X04M New Footprint=RESC2012X04M
Change Physical Footprint: Designator=R22 Old Footprint=RESC2012X04M New Footprint=RESC2012X04M
Change Physical Footprint: Designator=R23 Old Footprint=RESC2012X04M New Footprint=RESC2012X04M
Change Physical Footprint: Designator=R24 Old Footprint=RESC2012X04M New Footprint=RESC2012X04M
Change Physical Footprint: Designator=R25 Old Footprint=RESC2012X04M New Footprint=RESC2012X04M
Change Physical Footprint: Designator=R26 Old Footprint=RESC2012X04M New Footprint=RESC2012X04M
Change Physical Footprint: Designator=R27 Old Footprint=RESC2012X04M New Footprint=RESC2012X04M
Change Physical Footprint: Designator=R28 Old Footprint=RESC2012X04M New Footprint=RESC2012X04M
Change Physical Footprint: Designator=R29 Old Footprint=RESC2012X04M New Footprint=RESC2012X04M
Change Physical Footprint: Designator=R30 Old Footprint=RESC2012X04M New Footprint=RESC2012X04M
Change Physical Footprint: Designator=R31 Old Footprint=RESC2012X04M New Footprint=RESC2012X04M
Change Physical Footprint: Designator=R32 Old Footprint=RESC2012X04M New Footprint=RESC2012X04M
Change Physical Footprint: Designator=R33 Old Footprint=RESC2012X04M New Footprint=RESC2012X04M
Change Physical Footprint: Designator=R34 Old Footprint=RESC2012X04M New Footprint=RESC2012X04M
Change Physical Footprint: Designator=R35 Old Footprint=RESC2012X04M New Footprint=RESC2012X04M
Change Physical Footprint: Designator=R36 Old Footprint=RESC2012X04M New Footprint=RESC2012X04M
Change Physical Footprint: Designator=R37 Old Footprint=RESC2012X04M New Footprint=RESC2012X04M
Change Physical Footprint: Designator=R38 Old Footprint=RESC2012X04M New Footprint=RESC2012X04M
Change Physical Footprint: Designator=R39 Old Footprint=RESC2012X04M New Footprint=RESC2012X04M
Change Physical Footprint: Designator=R40 Old Footprint=RESC2012X04M New Footprint=RESC2012X04M
Change Physical Footprint: Designator=R41 Old Footprint=RESC2012X04M New Footprint=RESC2012X04M
Change Physical Footprint: Designator=R42 Old Footprint=RESC2012X04M New Footprint=RESC2012X04M
Change Physical Footprint: Designator=R43 Old Footprint=RESC2012X04M New Footprint=RESC2012X04M
Change Physical Footprint: Designator=R44 Old Footprint=RESC2012X04M New Footprint=RESC2012X04M
Change Physical Footprint: Designator=R45 Old Footprint=RESC2012X04M New Footprint=RESC2012X04M
Change Physical Footprint: Designator=R46 Old Footprint=RESC2012X04M New Footprint=RESC2012X04M
Change Physical Footprint: Designator=R47 Old Footprint=RESC2012X04M New Footprint=RESC2012X04M
Change Physical Footprint: Designator=R48 Old Footprint=RESC2012X04M New Footprint=RESC2012X04M
Change Physical Footprint: Designator=R49 Old Footprint=RESC2012X04M New Footprint=RESC2012X04M
Change Physical Footprint: Designator=U1 Old Footprint=XCVR_ESP32S3WROOM1N8R8 New Footprint=XCVR_ESP32S3WROOM1N8R8
Change Physical Footprint: Designator=U2 Old Footprint=SOIC127P600X155-8N New Footprint=SOIC127P600X155-8N
Change Physical Footprint: Designator=U3 Old Footprint=SOIC127P600X155-8N New Footprint=SOIC127P600X155-8N
Change Physical Footprint: Designator=U4 Old Footprint=SOIC127P600X155-8N New Footprint=SOIC127P600X155-8N
Change Physical Footprint: Designator=U5 Old Footprint=VSSOP_10 New Footprint=VSSOP_10
Change Physical Footprint: Designator=U6 Old Footprint=SOP127P740X320-14N New Footprint=SOP127P740X320-14N
Change Physical Footprint: Designator=U7 Old Footprint=W5500Module New Footprint=W5500Module
Change Physical Footprint: Designator=U8 Old Footprint=SOT230P700X180-4N New Footprint=SOT230P700X180-4N
Change Physical Footprint: Designator=U9 Old Footprint=TPS82150SIL New Footprint=TPS82150SIL
